<?xml version="1.0" encoding="UTF-8"?>
<coverage generated="1647970957689" clover="3.2.0">
  <project timestamp="1647970957689" name="All files">
    <metrics statements="47" coveredstatements="42" conditionals="25" coveredconditionals="24" methods="13" coveredmethods="10" elements="85" coveredelements="76" complexity="0" loc="47" ncloc="47" packages="1" files="5" classes="5"/>
    <file name="kataMarsRover.ts" path="D:\The Guardian\GIT\kataMarsRover\kataMarsRover\kataMarsRover.ts">
      <metrics statements="12" coveredstatements="12" conditionals="0" coveredconditionals="0" methods="1" coveredmethods="1"/>
      <line num="1" count="1" type="stmt"/>
      <line num="2" count="1" type="stmt"/>
      <line num="3" count="1" type="stmt"/>
      <line num="4" count="1" type="stmt"/>
      <line num="6" count="1" type="stmt"/>
      <line num="7" count="40" type="stmt"/>
      <line num="8" count="40" type="stmt"/>
      <line num="9" count="40" type="stmt"/>
      <line num="11" count="40" type="stmt"/>
      <line num="12" count="57" type="stmt"/>
      <line num="13" count="57" type="stmt"/>
      <line num="16" count="40" type="stmt"/>
    </file>
    <file name="roverCommander.ts" path="D:\The Guardian\GIT\kataMarsRover\kataMarsRover\roverCommander.ts">
      <metrics statements="13" coveredstatements="11" conditionals="5" coveredconditionals="5" methods="4" coveredmethods="3"/>
      <line num="7" count="1" type="stmt"/>
      <line num="8" count="40" type="stmt"/>
      <line num="9" count="40" type="stmt"/>
      <line num="12" count="40" type="stmt"/>
      <line num="13" count="40" type="stmt"/>
      <line num="17" count="97" type="stmt"/>
      <line num="24" count="0" type="stmt"/>
      <line num="25" count="0" type="stmt"/>
      <line num="32" count="57" type="stmt"/>
      <line num="36" count="57" type="cond" truecount="1" falsecount="0"/>
      <line num="38" count="57" type="stmt"/>
      <line num="42" count="57" type="stmt"/>
      <line num="44" count="57" type="stmt"/>
    </file>
    <file name="roverDrive.ts" path="D:\The Guardian\GIT\kataMarsRover\kataMarsRover\roverDrive.ts">
      <metrics statements="14" coveredstatements="13" conditionals="20" coveredconditionals="19" methods="2" coveredmethods="2"/>
      <line num="5" count="1" type="stmt"/>
      <line num="10" count="57" type="stmt"/>
      <line num="12" count="57" type="stmt"/>
      <line num="13" count="57" type="cond" truecount="3" falsecount="1"/>
      <line num="15" count="8" type="cond" truecount="2" falsecount="0"/>
      <line num="16" count="8" type="stmt"/>
      <line num="18" count="8" type="cond" truecount="2" falsecount="0"/>
      <line num="19" count="8" type="stmt"/>
      <line num="21" count="41" type="cond" truecount="3" falsecount="0"/>
      <line num="22" count="41" type="cond" truecount="3" falsecount="0"/>
      <line num="23" count="41" type="cond" truecount="3" falsecount="0"/>
      <line num="24" count="41" type="cond" truecount="3" falsecount="0"/>
      <line num="25" count="41" type="stmt"/>
      <line num="27" count="0" type="stmt"/>
    </file>
    <file name="roverLocator.ts" path="D:\The Guardian\GIT\kataMarsRover\kataMarsRover\roverLocator.ts">
      <metrics statements="5" coveredstatements="3" conditionals="0" coveredconditionals="0" methods="4" coveredmethods="2"/>
      <line num="7" count="1" type="stmt"/>
      <line num="11" count="40" type="stmt"/>
      <line num="15" count="0" type="stmt"/>
      <line num="19" count="97" type="stmt"/>
      <line num="23" count="0" type="stmt"/>
    </file>
    <file name="roverMap.ts" path="D:\The Guardian\GIT\kataMarsRover\kataMarsRover\roverMap.ts">
      <metrics statements="3" coveredstatements="3" conditionals="0" coveredconditionals="0" methods="2" coveredmethods="2"/>
      <line num="6" count="1" type="stmt"/>
      <line num="10" count="40" type="stmt"/>
      <line num="14" count="57" type="stmt"/>
    </file>
  </project>
</coverage>
