{"D:\\The Guardian\\KATA Project\\kataMarsRover\\kataMarsRover.ts": {"path":"D:\\The Guardian\\KATA Project\\kataMarsRover\\kataMarsRover.ts","statementMap":{"0":{"start":{"line":1,"column":0},"end":{"line":1,"column":43}},"1":{"start":{"line":2,"column":0},"end":{"line":2,"column":62}},"2":{"start":{"line":3,"column":0},"end":{"line":3,"column":69}},"3":{"start":{"line":4,"column":0},"end":{"line":4,"column":39}},"4":{"start":{"line":7,"column":17},"end":{"line":7,"column":37}},"5":{"start":{"line":8,"column":22},"end":{"line":8,"column":46}},"6":{"start":{"line":9,"column":23},"end":{"line":9,"column":52}},"7":{"start":{"line":11,"column":4},"end":{"line":14,"column":null}},"8":{"start":{"line":12,"column":28},"end":{"line":12,"column":44}},"9":{"start":{"line":13,"column":8},"end":{"line":13,"column":null}},"10":{"start":{"line":16,"column":4},"end":{"line":16,"column":null}},"11":{"start":{"line":6,"column":0},"end":{"line":6,"column":16}}},"fnMap":{"0":{"name":"procMarsRover","decl":{"start":{"line":6,"column":16},"end":{"line":6,"column":29}},"loc":{"start":{"line":6,"column":75},"end":{"line":17,"column":1}}}},"branchMap":{},"s":{"0":1,"1":1,"2":1,"3":1,"4":40,"5":40,"6":40,"7":40,"8":57,"9":57,"10":40,"11":1},"f":{"0":40},"b":{}}
,"D:\\The Guardian\\KATA Project\\kataMarsRover\\roverCommander.ts": {"path":"D:\\The Guardian\\KATA Project\\kataMarsRover\\roverCommander.ts","statementMap":{"0":{"start":{"line":8,"column":4},"end":{"line":8,"column":null}},"1":{"start":{"line":9,"column":4},"end":{"line":9,"column":null}},"2":{"start":{"line":12,"column":8},"end":{"line":12,"column":38}},"3":{"start":{"line":13,"column":8},"end":{"line":13,"column":22}},"4":{"start":{"line":17,"column":8},"end":{"line":20,"column":null}},"5":{"start":{"line":24,"column":8},"end":{"line":24,"column":null}},"6":{"start":{"line":25,"column":8},"end":{"line":28,"column":null}},"7":{"start":{"line":32,"column":19},"end":{"line":35,"column":null}},"8":{"start":{"line":36,"column":8},"end":{"line":43,"column":null}},"9":{"start":{"line":38,"column":12},"end":{"line":41,"column":null}},"10":{"start":{"line":42,"column":12},"end":{"line":42,"column":null}},"11":{"start":{"line":44,"column":8},"end":{"line":44,"column":null}},"12":{"start":{"line":7,"column":0},"end":{"line":7,"column":13}}},"fnMap":{"0":{"name":"(anonymous_0)","decl":{"start":{"line":11,"column":4},"end":{"line":11,"column":16}},"loc":{"start":{"line":11,"column":30},"end":{"line":14,"column":5}}},"1":{"name":"(anonymous_1)","decl":{"start":{"line":16,"column":4},"end":{"line":16,"column":11}},"loc":{"start":{"line":16,"column":11},"end":{"line":21,"column":5}}},"2":{"name":"(anonymous_2)","decl":{"start":{"line":23,"column":4},"end":{"line":23,"column":12}},"loc":{"start":{"line":23,"column":30},"end":{"line":29,"column":5}}},"3":{"name":"(anonymous_3)","decl":{"start":{"line":31,"column":4},"end":{"line":31,"column":11}},"loc":{"start":{"line":31,"column":11},"end":{"line":45,"column":5}}}},"branchMap":{"0":{"loc":{"start":{"line":18,"column":18},"end":{"line":18,"column":86}},"type":"cond-expr","locations":[{"start":{"line":18,"column":49},"end":{"line":18,"column":81}},{"start":{"line":18,"column":84},"end":{"line":18,"column":86}}]},"1":{"loc":{"start":{"line":19,"column":18},"end":{"line":19,"column":63}},"type":"cond-expr","locations":[{"start":{"line":19,"column":49},"end":{"line":19,"column":58}},{"start":{"line":19,"column":61},"end":{"line":19,"column":63}}]},"2":{"loc":{"start":{"line":36,"column":8},"end":{"line":43,"column":null}},"type":"if","locations":[{"start":{"line":36,"column":8},"end":{"line":43,"column":null}}]}},"s":{"0":40,"1":40,"2":40,"3":40,"4":97,"5":0,"6":0,"7":57,"8":57,"9":57,"10":57,"11":57,"12":1},"f":{"0":40,"1":97,"2":0,"3":57},"b":{"0":[57,40],"1":[57,40],"2":[57]}}
,"D:\\The Guardian\\KATA Project\\kataMarsRover\\roverDrive.ts": {"path":"D:\\The Guardian\\KATA Project\\kataMarsRover\\roverDrive.ts","statementMap":{"0":{"start":{"line":10,"column":28},"end":{"line":10,"column":34}},"1":{"start":{"line":12,"column":24},"end":{"line":12,"column":32}},"2":{"start":{"line":14,"column":8},"end":{"line":35,"column":null}},"3":{"start":{"line":17,"column":16},"end":{"line":17,"column":null}},"4":{"start":{"line":19,"column":16},"end":{"line":19,"column":21}},"5":{"start":{"line":22,"column":16},"end":{"line":22,"column":null}},"6":{"start":{"line":24,"column":16},"end":{"line":24,"column":21}},"7":{"start":{"line":27,"column":16},"end":{"line":27,"column":null}},"8":{"start":{"line":27,"column":45},"end":{"line":27,"column":102}},"9":{"start":{"line":28,"column":16},"end":{"line":28,"column":null}},"10":{"start":{"line":28,"column":45},"end":{"line":28,"column":93}},"11":{"start":{"line":29,"column":16},"end":{"line":29,"column":null}},"12":{"start":{"line":29,"column":45},"end":{"line":29,"column":93}},"13":{"start":{"line":30,"column":16},"end":{"line":30,"column":null}},"14":{"start":{"line":30,"column":45},"end":{"line":30,"column":101}},"15":{"start":{"line":32,"column":16},"end":{"line":32,"column":21}},"16":{"start":{"line":34,"column":16},"end":{"line":34,"column":21}},"17":{"start":{"line":5,"column":0},"end":{"line":5,"column":13}}},"fnMap":{"0":{"name":"(anonymous_0)","decl":{"start":{"line":7,"column":4},"end":{"line":7,"column":18}},"loc":{"start":{"line":7,"column":4},"end":{"line":7,"column":19}}},"1":{"name":"(anonymous_1)","decl":{"start":{"line":9,"column":4},"end":{"line":9,"column":8}},"loc":{"start":{"line":9,"column":52},"end":{"line":36,"column":5}}}},"branchMap":{"0":{"loc":{"start":{"line":14,"column":8},"end":{"line":35,"column":null}},"type":"switch","locations":[{"start":{"line":15,"column":12},"end":{"line":19,"column":21}},{"start":{"line":20,"column":12},"end":{"line":24,"column":21}},{"start":{"line":25,"column":12},"end":{"line":32,"column":21}},{"start":{"line":33,"column":12},"end":{"line":34,"column":21}}]},"1":{"loc":{"start":{"line":17,"column":33},"end":{"line":17,"column":203}},"type":"cond-expr","locations":[{"start":{"line":17,"column":102},"end":{"line":17,"column":171}},{"start":{"line":17,"column":174},"end":{"line":17,"column":203}}]},"2":{"loc":{"start":{"line":22,"column":33},"end":{"line":22,"column":205}},"type":"cond-expr","locations":[{"start":{"line":22,"column":81},"end":{"line":22,"column":150}},{"start":{"line":22,"column":153},"end":{"line":22,"column":205}}]},"3":{"loc":{"start":{"line":27,"column":16},"end":{"line":27,"column":null}},"type":"if","locations":[{"start":{"line":27,"column":16},"end":{"line":27,"column":null}}]},"4":{"loc":{"start":{"line":27,"column":45},"end":{"line":27,"column":100}},"type":"cond-expr","locations":[{"start":{"line":27,"column":72},"end":{"line":27,"column":88}},{"start":{"line":27,"column":91},"end":{"line":27,"column":100}}]},"5":{"loc":{"start":{"line":28,"column":16},"end":{"line":28,"column":null}},"type":"if","locations":[{"start":{"line":28,"column":16},"end":{"line":28,"column":null}}]},"6":{"loc":{"start":{"line":28,"column":45},"end":{"line":28,"column":91}},"type":"cond-expr","locations":[{"start":{"line":28,"column":63},"end":{"line":28,"column":79}},{"start":{"line":28,"column":82},"end":{"line":28,"column":91}}]},"7":{"loc":{"start":{"line":29,"column":16},"end":{"line":29,"column":null}},"type":"if","locations":[{"start":{"line":29,"column":16},"end":{"line":29,"column":null}}]},"8":{"loc":{"start":{"line":29,"column":45},"end":{"line":29,"column":91}},"type":"cond-expr","locations":[{"start":{"line":29,"column":63},"end":{"line":29,"column":79}},{"start":{"line":29,"column":82},"end":{"line":29,"column":91}}]},"9":{"loc":{"start":{"line":30,"column":16},"end":{"line":30,"column":null}},"type":"if","locations":[{"start":{"line":30,"column":16},"end":{"line":30,"column":null}}]},"10":{"loc":{"start":{"line":30,"column":45},"end":{"line":30,"column":99}},"type":"cond-expr","locations":[{"start":{"line":30,"column":71},"end":{"line":30,"column":87}},{"start":{"line":30,"column":90},"end":{"line":30,"column":99}}]}},"s":{"0":57,"1":57,"2":57,"3":8,"4":8,"5":8,"6":8,"7":41,"8":8,"9":41,"10":8,"11":41,"12":15,"13":41,"14":10,"15":41,"16":0,"17":1},"f":{"0":57,"1":57},"b":{"0":[8,8,41,0],"1":[6,2],"2":[6,2],"3":[8],"4":[7,1],"5":[8],"6":[7,1],"7":[15],"8":[13,2],"9":[10],"10":[9,1]}}
,"D:\\The Guardian\\KATA Project\\kataMarsRover\\roverLocator.ts": {"path":"D:\\The Guardian\\KATA Project\\kataMarsRover\\roverLocator.ts","statementMap":{"0":{"start":{"line":11,"column":8},"end":{"line":11,"column":null}},"1":{"start":{"line":15,"column":8},"end":{"line":15,"column":null}},"2":{"start":{"line":19,"column":8},"end":{"line":19,"column":null}},"3":{"start":{"line":23,"column":8},"end":{"line":23,"column":null}},"4":{"start":{"line":7,"column":0},"end":{"line":7,"column":13}}},"fnMap":{"0":{"name":"(anonymous_0)","decl":{"start":{"line":10,"column":4},"end":{"line":10,"column":16}},"loc":{"start":{"line":10,"column":31},"end":{"line":12,"column":5}}},"1":{"name":"(anonymous_1)","decl":{"start":{"line":14,"column":4},"end":{"line":14,"column":15}},"loc":{"start":{"line":14,"column":31},"end":{"line":16,"column":5}}},"2":{"name":"(anonymous_2)","decl":{"start":{"line":18,"column":4},"end":{"line":18,"column":15}},"loc":{"start":{"line":18,"column":15},"end":{"line":20,"column":5}}},"3":{"name":"(anonymous_3)","decl":{"start":{"line":22,"column":4},"end":{"line":22,"column":17}},"loc":{"start":{"line":22,"column":17},"end":{"line":24,"column":5}}}},"branchMap":{},"s":{"0":40,"1":0,"2":97,"3":0,"4":1},"f":{"0":40,"1":0,"2":97,"3":0},"b":{}}
,"D:\\The Guardian\\KATA Project\\kataMarsRover\\roverMap.ts": {"path":"D:\\The Guardian\\KATA Project\\kataMarsRover\\roverMap.ts","statementMap":{"0":{"start":{"line":10,"column":8},"end":{"line":10,"column":null}},"1":{"start":{"line":14,"column":8},"end":{"line":14,"column":null}},"2":{"start":{"line":6,"column":0},"end":{"line":6,"column":13}}},"fnMap":{"0":{"name":"(anonymous_0)","decl":{"start":{"line":9,"column":4},"end":{"line":9,"column":16}},"loc":{"start":{"line":9,"column":26},"end":{"line":11,"column":5}}},"1":{"name":"(anonymous_1)","decl":{"start":{"line":13,"column":4},"end":{"line":13,"column":10}},"loc":{"start":{"line":13,"column":10},"end":{"line":15,"column":5}}}},"branchMap":{},"s":{"0":40,"1":57,"2":1},"f":{"0":40,"1":57},"b":{}}
}
