TN:
SF:kataMarsRover.ts
FN:6,procMarsRover
FNF:1
FNH:1
FNDA:40,procMarsRover
DA:1,1
DA:2,1
DA:3,1
DA:4,1
DA:6,1
DA:7,40
DA:8,40
DA:9,40
DA:11,40
DA:12,57
DA:13,57
DA:16,40
LF:12
LH:12
BRF:0
BRH:0
end_of_record
TN:
SF:roverCommander.ts
FN:11,(anonymous_0)
FN:16,(anonymous_1)
FN:23,(anonymous_2)
FN:31,(anonymous_3)
FNF:4
FNH:3
FNDA:40,(anonymous_0)
FNDA:97,(anonymous_1)
FNDA:0,(anonymous_2)
FNDA:57,(anonymous_3)
DA:7,1
DA:8,40
DA:9,40
DA:12,40
DA:13,40
DA:17,97
DA:24,0
DA:25,0
DA:32,57
DA:36,57
DA:38,57
DA:42,57
DA:44,57
LF:13
LH:11
BRDA:18,0,0,57
BRDA:18,0,1,40
BRDA:19,1,0,57
BRDA:19,1,1,40
BRDA:36,2,0,57
BRF:5
BRH:5
end_of_record
TN:
SF:roverDrive.ts
FN:7,(anonymous_0)
FN:9,(anonymous_1)
FNF:2
FNH:2
FNDA:57,(anonymous_0)
FNDA:57,(anonymous_1)
DA:5,1
DA:10,57
DA:12,57
DA:14,57
DA:17,8
DA:19,8
DA:22,8
DA:24,8
DA:27,41
DA:28,41
DA:29,41
DA:30,41
DA:32,41
DA:34,0
LF:14
LH:13
BRDA:14,0,0,8
BRDA:14,0,1,8
BRDA:14,0,2,41
BRDA:14,0,3,0
BRDA:17,1,0,6
BRDA:17,1,1,2
BRDA:22,2,0,6
BRDA:22,2,1,2
BRDA:27,3,0,8
BRDA:27,4,0,7
BRDA:27,4,1,1
BRDA:28,5,0,8
BRDA:28,6,0,7
BRDA:28,6,1,1
BRDA:29,7,0,15
BRDA:29,8,0,13
BRDA:29,8,1,2
BRDA:30,9,0,10
BRDA:30,10,0,9
BRDA:30,10,1,1
BRF:20
BRH:19
end_of_record
TN:
SF:roverLocator.ts
FN:10,(anonymous_0)
FN:14,(anonymous_1)
FN:18,(anonymous_2)
FN:22,(anonymous_3)
FNF:4
FNH:2
FNDA:40,(anonymous_0)
FNDA:0,(anonymous_1)
FNDA:97,(anonymous_2)
FNDA:0,(anonymous_3)
DA:7,1
DA:11,40
DA:15,0
DA:19,97
DA:23,0
LF:5
LH:3
BRF:0
BRH:0
end_of_record
TN:
SF:roverMap.ts
FN:9,(anonymous_0)
FN:13,(anonymous_1)
FNF:2
FNH:2
FNDA:40,(anonymous_0)
FNDA:57,(anonymous_1)
DA:6,1
DA:10,40
DA:14,57
LF:3
LH:3
BRF:0
BRH:0
end_of_record
